2024-10-19 10:26:53.019  INFO 23524 --- [main] c.r.SpringBootRestServiceApplication     : Starting SpringBootRestServiceApplication using Java 11.0.14 on nba-027-d1-pl with PID 23524 (C:\Users\andrei.rymskikh\Repos\ContractTestingWithJavaAndPact\SpringBootRestService\target\classes started by Andrei.Rymskikh in C:\Users\andrei.rymskikh\Repos\ContractTestingWithJavaAndPact\SpringBootRestService)
2024-10-19 10:26:53.071  INFO 23524 --- [main] c.r.SpringBootRestServiceApplication     : No active profile set, falling back to default profiles: default
2024-10-19 10:26:55.878  INFO 23524 --- [main] .s.d.r.c.RepositoryConfigurationDelegate : Bootstrapping Spring Data JPA repositories in DEFAULT mode.
2024-10-19 10:26:56.217  INFO 23524 --- [main] .s.d.r.c.RepositoryConfigurationDelegate : Finished Spring Data repository scanning in 248 ms. Found 1 JPA repository interfaces.
2024-10-19 10:26:58.025  INFO 23524 --- [main] o.s.b.w.embedded.tomcat.TomcatWebServer  : Tomcat initialized with port(s): 8080 (http)
2024-10-19 10:26:58.051  INFO 23524 --- [main] o.apache.catalina.core.StandardService   : Starting service [Tomcat]
2024-10-19 10:26:58.056  INFO 23524 --- [main] org.apache.catalina.core.StandardEngine  : Starting Servlet engine: [Apache Tomcat/9.0.48]
2024-10-19 10:26:58.780  INFO 23524 --- [main] o.a.c.c.C.[Tomcat].[localhost].[/]       : Initializing Spring embedded WebApplicationContext
2024-10-19 10:26:58.783  INFO 23524 --- [main] w.s.c.ServletWebServerApplicationContext : Root WebApplicationContext: initialization completed in 5328 ms
2024-10-19 10:26:59.184  INFO 23524 --- [main] com.zaxxer.hikari.HikariDataSource       : HikariPool-1 - Starting...
2024-10-19 10:26:59.201  WARN 23524 --- [main] com.zaxxer.hikari.util.DriverDataSource  : Registered driver with driverClassName=com.mysql.jdbc.Driver was not found, trying direct instantiation.
2024-10-19 10:27:00.509  INFO 23524 --- [main] com.zaxxer.hikari.HikariDataSource       : HikariPool-1 - Start completed.
2024-10-19 10:27:00.934  INFO 23524 --- [main] o.hibernate.jpa.internal.util.LogHelper  : HHH000204: Processing PersistenceUnitInfo [name: default]
2024-10-19 10:27:01.142  INFO 23524 --- [main] org.hibernate.Version                    : HHH000412: Hibernate ORM core version 5.4.32.Final
2024-10-19 10:27:01.604  INFO 23524 --- [main] o.hibernate.annotations.common.Version   : HCANN000001: Hibernate Commons Annotations {5.1.2.Final}
2024-10-19 10:27:01.979  INFO 23524 --- [main] org.hibernate.dialect.Dialect            : HHH000400: Using dialect: org.hibernate.dialect.MySQL5InnoDBDialect
2024-10-19 10:27:04.111  INFO 23524 --- [main] o.h.e.t.j.p.i.JtaPlatformInitiator       : HHH000490: Using JtaPlatform implementation: [org.hibernate.engine.transaction.jta.platform.internal.NoJtaPlatform]
2024-10-19 10:27:04.163  INFO 23524 --- [main] j.LocalContainerEntityManagerFactoryBean : Initialized JPA EntityManagerFactory for persistence unit 'default'
2024-10-19 10:27:05.595  WARN 23524 --- [main] JpaBaseConfiguration$JpaWebConfiguration : spring.jpa.open-in-view is enabled by default. Therefore, database queries may be performed during view rendering. Explicitly configure spring.jpa.open-in-view to disable this warning
2024-10-19 10:27:07.119  INFO 23524 --- [main] o.s.b.w.embedded.tomcat.TomcatWebServer  : Tomcat started on port(s): 8080 (http) with context path ''
2024-10-19 10:27:07.163  INFO 23524 --- [main] c.r.SpringBootRestServiceApplication     : Started SpringBootRestServiceApplication in 16.761 seconds (JVM running for 20.731)
2024-10-19 10:27:45.847  WARN 28244 --- [main] ory$DuplicateJsonObjectContextCustomizer : 

Found multiple occurrences of org.json.JSONObject on the class path:

	jar:file:/C:/Users/andrei.rymskikh/.m2/repository/org/json/json/20160212/json-20160212.jar!/org/json/JSONObject.class
	jar:file:/C:/Users/andrei.rymskikh/.m2/repository/com/vaadin/external/google/android-json/0.0.20131108.vaadin1/android-json-0.0.20131108.vaadin1.jar!/org/json/JSONObject.class

You may wish to exclude one of them to ensure predictable runtime behavior

2024-10-19 10:27:46.051  INFO 28244 --- [main] com.rahulshettyacademy.ConsumerTests     : Starting ConsumerTests using Java 11.0.14 on nba-027-d1-pl with PID 28244 (started by Andrei.Rymskikh in C:\Users\andrei.rymskikh\Repos\ContractTestingWithJavaAndPact\SpringBootRestService)
2024-10-19 10:27:46.068  INFO 28244 --- [main] com.rahulshettyacademy.ConsumerTests     : No active profile set, falling back to default profiles: default
2024-10-19 10:27:50.276  INFO 28244 --- [main] .s.d.r.c.RepositoryConfigurationDelegate : Bootstrapping Spring Data JPA repositories in DEFAULT mode.
2024-10-19 10:27:50.613  INFO 28244 --- [main] .s.d.r.c.RepositoryConfigurationDelegate : Finished Spring Data repository scanning in 290 ms. Found 1 JPA repository interfaces.
2024-10-19 10:27:52.845  INFO 28244 --- [main] com.zaxxer.hikari.HikariDataSource       : HikariPool-1 - Starting...
2024-10-19 10:27:52.876  WARN 28244 --- [main] com.zaxxer.hikari.util.DriverDataSource  : Registered driver with driverClassName=com.mysql.jdbc.Driver was not found, trying direct instantiation.
2024-10-19 10:27:56.828  INFO 28244 --- [main] com.zaxxer.hikari.HikariDataSource       : HikariPool-1 - Start completed.
2024-10-19 10:27:57.790  INFO 28244 --- [main] o.hibernate.jpa.internal.util.LogHelper  : HHH000204: Processing PersistenceUnitInfo [name: default]
2024-10-19 10:27:58.182  INFO 28244 --- [main] org.hibernate.Version                    : HHH000412: Hibernate ORM core version 5.4.32.Final
2024-10-19 10:27:58.930  INFO 28244 --- [main] o.hibernate.annotations.common.Version   : HCANN000001: Hibernate Commons Annotations {5.1.2.Final}
2024-10-19 10:27:59.545  INFO 28244 --- [main] org.hibernate.dialect.Dialect            : HHH000400: Using dialect: org.hibernate.dialect.MySQL5InnoDBDialect
2024-10-19 10:28:02.624  INFO 28244 --- [main] o.h.e.t.j.p.i.JtaPlatformInitiator       : HHH000490: Using JtaPlatform implementation: [org.hibernate.engine.transaction.jta.platform.internal.NoJtaPlatform]
2024-10-19 10:28:02.669  INFO 28244 --- [main] j.LocalContainerEntityManagerFactoryBean : Initialized JPA EntityManagerFactory for persistence unit 'default'
2024-10-19 10:28:05.677  WARN 28244 --- [main] JpaBaseConfiguration$JpaWebConfiguration : spring.jpa.open-in-view is enabled by default. Therefore, database queries may be performed during view rendering. Explicitly configure spring.jpa.open-in-view to disable this warning
2024-10-19 10:28:10.146  INFO 28244 --- [main] com.rahulshettyacademy.ConsumerTests     : Started ConsumerTests in 25.888 seconds (JVM running for 32.487)
2024-10-19 10:28:15.720  INFO 28244 --- [main] a.c.d.p.c.junit5.PactConsumerTestExt     : Writing pacts out to default directory
2024-10-19 10:28:15.932  INFO 28244 --- [SpringApplicationShutdownHook] j.LocalContainerEntityManagerFactoryBean : Closing JPA EntityManagerFactory for persistence unit 'default'
2024-10-19 10:28:15.940  INFO 28244 --- [SpringApplicationShutdownHook] com.zaxxer.hikari.HikariDataSource       : HikariPool-1 - Shutdown initiated...
2024-10-19 10:28:16.133  INFO 28244 --- [SpringApplicationShutdownHook] com.zaxxer.hikari.HikariDataSource       : HikariPool-1 - Shutdown completed.
2024-10-19 10:44:09.080  WARN 25840 --- [main] ory$DuplicateJsonObjectContextCustomizer : 

Found multiple occurrences of org.json.JSONObject on the class path:

	jar:file:/C:/Users/andrei.rymskikh/.m2/repository/org/json/json/20160212/json-20160212.jar!/org/json/JSONObject.class
	jar:file:/C:/Users/andrei.rymskikh/.m2/repository/com/vaadin/external/google/android-json/0.0.20131108.vaadin1/android-json-0.0.20131108.vaadin1.jar!/org/json/JSONObject.class

You may wish to exclude one of them to ensure predictable runtime behavior

2024-10-19 10:44:09.284  INFO 25840 --- [main] com.rahulshettyacademy.ConsumerTests     : Starting ConsumerTests using Java 11.0.14 on nba-027-d1-pl with PID 25840 (started by Andrei.Rymskikh in C:\Users\andrei.rymskikh\Repos\ContractTestingWithJavaAndPact\SpringBootRestService)
2024-10-19 10:44:09.299  INFO 25840 --- [main] com.rahulshettyacademy.ConsumerTests     : No active profile set, falling back to default profiles: default
2024-10-19 10:44:12.497  INFO 25840 --- [main] .s.d.r.c.RepositoryConfigurationDelegate : Bootstrapping Spring Data JPA repositories in DEFAULT mode.
2024-10-19 10:44:12.765  INFO 25840 --- [main] .s.d.r.c.RepositoryConfigurationDelegate : Finished Spring Data repository scanning in 240 ms. Found 1 JPA repository interfaces.
2024-10-19 10:44:14.534  INFO 25840 --- [main] com.zaxxer.hikari.HikariDataSource       : HikariPool-1 - Starting...
2024-10-19 10:44:14.558  WARN 25840 --- [main] com.zaxxer.hikari.util.DriverDataSource  : Registered driver with driverClassName=com.mysql.jdbc.Driver was not found, trying direct instantiation.
2024-10-19 10:44:17.012  INFO 25840 --- [main] com.zaxxer.hikari.HikariDataSource       : HikariPool-1 - Start completed.
2024-10-19 10:44:17.695  INFO 25840 --- [main] o.hibernate.jpa.internal.util.LogHelper  : HHH000204: Processing PersistenceUnitInfo [name: default]
2024-10-19 10:44:17.981  INFO 25840 --- [main] org.hibernate.Version                    : HHH000412: Hibernate ORM core version 5.4.32.Final
2024-10-19 10:44:18.480  INFO 25840 --- [main] o.hibernate.annotations.common.Version   : HCANN000001: Hibernate Commons Annotations {5.1.2.Final}
2024-10-19 10:44:18.957  INFO 25840 --- [main] org.hibernate.dialect.Dialect            : HHH000400: Using dialect: org.hibernate.dialect.MySQL5InnoDBDialect
2024-10-19 10:44:21.553  INFO 25840 --- [main] o.h.e.t.j.p.i.JtaPlatformInitiator       : HHH000490: Using JtaPlatform implementation: [org.hibernate.engine.transaction.jta.platform.internal.NoJtaPlatform]
2024-10-19 10:44:21.602  INFO 25840 --- [main] j.LocalContainerEntityManagerFactoryBean : Initialized JPA EntityManagerFactory for persistence unit 'default'
2024-10-19 10:44:23.818  WARN 25840 --- [main] JpaBaseConfiguration$JpaWebConfiguration : spring.jpa.open-in-view is enabled by default. Therefore, database queries may be performed during view rendering. Explicitly configure spring.jpa.open-in-view to disable this warning
2024-10-19 10:44:26.389  INFO 25840 --- [main] com.rahulshettyacademy.ConsumerTests     : Started ConsumerTests in 18.56 seconds (JVM running for 23.447)
2024-10-19 10:44:29.457  INFO 25840 --- [main] a.c.d.p.c.junit5.PactConsumerTestExt     : Writing pacts out to default directory
2024-10-19 10:44:29.526  INFO 25840 --- [SpringApplicationShutdownHook] j.LocalContainerEntityManagerFactoryBean : Closing JPA EntityManagerFactory for persistence unit 'default'
2024-10-19 10:44:29.533  INFO 25840 --- [SpringApplicationShutdownHook] com.zaxxer.hikari.HikariDataSource       : HikariPool-1 - Shutdown initiated...
2024-10-19 10:44:29.572  INFO 25840 --- [SpringApplicationShutdownHook] com.zaxxer.hikari.HikariDataSource       : HikariPool-1 - Shutdown completed.
2024-10-19 10:45:15.938  WARN 26448 --- [main] ory$DuplicateJsonObjectContextCustomizer : 

Found multiple occurrences of org.json.JSONObject on the class path:

	jar:file:/C:/Users/andrei.rymskikh/.m2/repository/org/json/json/20160212/json-20160212.jar!/org/json/JSONObject.class
	jar:file:/C:/Users/andrei.rymskikh/.m2/repository/com/vaadin/external/google/android-json/0.0.20131108.vaadin1/android-json-0.0.20131108.vaadin1.jar!/org/json/JSONObject.class

You may wish to exclude one of them to ensure predictable runtime behavior

2024-10-19 10:45:16.119  INFO 26448 --- [main] com.rahulshettyacademy.PactConsumerTest  : Starting PactConsumerTest using Java 11.0.14 on nba-027-d1-pl with PID 26448 (started by Andrei.Rymskikh in C:\Users\andrei.rymskikh\Repos\ContractTestingWithJavaAndPact\SpringBootRestService)
2024-10-19 10:45:16.135  INFO 26448 --- [main] com.rahulshettyacademy.PactConsumerTest  : No active profile set, falling back to default profiles: default
2024-10-19 10:45:18.603  INFO 26448 --- [main] .s.d.r.c.RepositoryConfigurationDelegate : Bootstrapping Spring Data JPA repositories in DEFAULT mode.
2024-10-19 10:45:18.774  INFO 26448 --- [main] .s.d.r.c.RepositoryConfigurationDelegate : Finished Spring Data repository scanning in 150 ms. Found 1 JPA repository interfaces.
2024-10-19 10:45:20.411  INFO 26448 --- [main] com.zaxxer.hikari.HikariDataSource       : HikariPool-1 - Starting...
2024-10-19 10:45:20.427  WARN 26448 --- [main] com.zaxxer.hikari.util.DriverDataSource  : Registered driver with driverClassName=com.mysql.jdbc.Driver was not found, trying direct instantiation.
2024-10-19 10:45:22.634  INFO 26448 --- [main] com.zaxxer.hikari.HikariDataSource       : HikariPool-1 - Start completed.
2024-10-19 10:45:23.206  INFO 26448 --- [main] o.hibernate.jpa.internal.util.LogHelper  : HHH000204: Processing PersistenceUnitInfo [name: default]
2024-10-19 10:45:23.491  INFO 26448 --- [main] org.hibernate.Version                    : HHH000412: Hibernate ORM core version 5.4.32.Final
2024-10-19 10:45:24.015  INFO 26448 --- [main] o.hibernate.annotations.common.Version   : HCANN000001: Hibernate Commons Annotations {5.1.2.Final}
2024-10-19 10:45:24.394  INFO 26448 --- [main] org.hibernate.dialect.Dialect            : HHH000400: Using dialect: org.hibernate.dialect.MySQL5InnoDBDialect
2024-10-19 10:45:26.324  INFO 26448 --- [main] o.h.e.t.j.p.i.JtaPlatformInitiator       : HHH000490: Using JtaPlatform implementation: [org.hibernate.engine.transaction.jta.platform.internal.NoJtaPlatform]
2024-10-19 10:45:26.352  INFO 26448 --- [main] j.LocalContainerEntityManagerFactoryBean : Initialized JPA EntityManagerFactory for persistence unit 'default'
2024-10-19 10:45:28.804  WARN 26448 --- [main] JpaBaseConfiguration$JpaWebConfiguration : spring.jpa.open-in-view is enabled by default. Therefore, database queries may be performed during view rendering. Explicitly configure spring.jpa.open-in-view to disable this warning
2024-10-19 10:45:31.077  INFO 26448 --- [main] com.rahulshettyacademy.PactConsumerTest  : Started PactConsumerTest in 16.49 seconds (JVM running for 20.808)
2024-10-19 10:45:34.384  INFO 26448 --- [main] a.c.d.p.c.junit5.PactConsumerTestExt     : Writing pacts out to default directory
2024-10-19 10:45:36.125  INFO 26448 --- [SpringApplicationShutdownHook] j.LocalContainerEntityManagerFactoryBean : Closing JPA EntityManagerFactory for persistence unit 'default'
2024-10-19 10:45:36.135  INFO 26448 --- [SpringApplicationShutdownHook] com.zaxxer.hikari.HikariDataSource       : HikariPool-1 - Shutdown initiated...
2024-10-19 10:45:36.164  INFO 26448 --- [SpringApplicationShutdownHook] com.zaxxer.hikari.HikariDataSource       : HikariPool-1 - Shutdown completed.
2024-10-19 10:50:42.497  WARN 27112 --- [main] ory$DuplicateJsonObjectContextCustomizer : 

Found multiple occurrences of org.json.JSONObject on the class path:

	jar:file:/C:/Users/andrei.rymskikh/.m2/repository/org/json/json/20160212/json-20160212.jar!/org/json/JSONObject.class
	jar:file:/C:/Users/andrei.rymskikh/.m2/repository/com/vaadin/external/google/android-json/0.0.20131108.vaadin1/android-json-0.0.20131108.vaadin1.jar!/org/json/JSONObject.class

You may wish to exclude one of them to ensure predictable runtime behavior

2024-10-19 10:50:42.703  INFO 27112 --- [main] com.rahulshettyacademy.ConsumerTests     : Starting ConsumerTests using Java 11.0.14 on nba-027-d1-pl with PID 27112 (started by Andrei.Rymskikh in C:\Users\andrei.rymskikh\Repos\ContractTestingWithJavaAndPact\SpringBootRestService)
2024-10-19 10:50:42.720  INFO 27112 --- [main] com.rahulshettyacademy.ConsumerTests     : No active profile set, falling back to default profiles: default
2024-10-19 10:50:45.690  INFO 27112 --- [main] .s.d.r.c.RepositoryConfigurationDelegate : Bootstrapping Spring Data JPA repositories in DEFAULT mode.
2024-10-19 10:50:45.917  INFO 27112 --- [main] .s.d.r.c.RepositoryConfigurationDelegate : Finished Spring Data repository scanning in 197 ms. Found 1 JPA repository interfaces.
2024-10-19 10:50:47.829  INFO 27112 --- [main] com.zaxxer.hikari.HikariDataSource       : HikariPool-1 - Starting...
2024-10-19 10:50:47.855  WARN 27112 --- [main] com.zaxxer.hikari.util.DriverDataSource  : Registered driver with driverClassName=com.mysql.jdbc.Driver was not found, trying direct instantiation.
2024-10-19 10:50:50.274  INFO 27112 --- [main] com.zaxxer.hikari.HikariDataSource       : HikariPool-1 - Start completed.
2024-10-19 10:50:51.122  INFO 27112 --- [main] o.hibernate.jpa.internal.util.LogHelper  : HHH000204: Processing PersistenceUnitInfo [name: default]
2024-10-19 10:50:51.389  INFO 27112 --- [main] org.hibernate.Version                    : HHH000412: Hibernate ORM core version 5.4.32.Final
2024-10-19 10:50:51.862  INFO 27112 --- [main] o.hibernate.annotations.common.Version   : HCANN000001: Hibernate Commons Annotations {5.1.2.Final}
2024-10-19 10:50:52.363  INFO 27112 --- [main] org.hibernate.dialect.Dialect            : HHH000400: Using dialect: org.hibernate.dialect.MySQL5InnoDBDialect
2024-10-19 10:50:54.526  INFO 27112 --- [main] o.h.e.t.j.p.i.JtaPlatformInitiator       : HHH000490: Using JtaPlatform implementation: [org.hibernate.engine.transaction.jta.platform.internal.NoJtaPlatform]
2024-10-19 10:50:54.572  INFO 27112 --- [main] j.LocalContainerEntityManagerFactoryBean : Initialized JPA EntityManagerFactory for persistence unit 'default'
2024-10-19 10:50:56.821  WARN 27112 --- [main] JpaBaseConfiguration$JpaWebConfiguration : spring.jpa.open-in-view is enabled by default. Therefore, database queries may be performed during view rendering. Explicitly configure spring.jpa.open-in-view to disable this warning
2024-10-19 10:50:59.908  INFO 27112 --- [main] com.rahulshettyacademy.ConsumerTests     : Started ConsumerTests in 18.606 seconds (JVM running for 23.955)
2024-10-19 10:51:03.236  INFO 27112 --- [main] a.c.d.p.c.junit5.PactConsumerTestExt     : Writing pacts out to default directory
2024-10-19 10:51:03.292  INFO 27112 --- [SpringApplicationShutdownHook] j.LocalContainerEntityManagerFactoryBean : Closing JPA EntityManagerFactory for persistence unit 'default'
2024-10-19 10:51:03.303  INFO 27112 --- [SpringApplicationShutdownHook] com.zaxxer.hikari.HikariDataSource       : HikariPool-1 - Shutdown initiated...
2024-10-19 10:51:03.474  INFO 27112 --- [SpringApplicationShutdownHook] com.zaxxer.hikari.HikariDataSource       : HikariPool-1 - Shutdown completed.
2024-10-19 11:00:42.618  INFO 23524 --- [http-nio-8080-exec-1] o.a.c.c.C.[Tomcat].[localhost].[/]       : Initializing Spring DispatcherServlet 'dispatcherServlet'
2024-10-19 11:00:42.623  INFO 23524 --- [http-nio-8080-exec-1] o.s.web.servlet.DispatcherServlet        : Initializing Servlet 'dispatcherServlet'
2024-10-19 11:00:42.628  INFO 23524 --- [http-nio-8080-exec-1] o.s.web.servlet.DispatcherServlet        : Completed initialization in 2 ms
2024-10-19 11:07:04.322  WARN 552 --- [main] ory$DuplicateJsonObjectContextCustomizer : 

Found multiple occurrences of org.json.JSONObject on the class path:

	jar:file:/C:/Users/andrei.rymskikh/.m2/repository/org/json/json/20160212/json-20160212.jar!/org/json/JSONObject.class
	jar:file:/C:/Users/andrei.rymskikh/.m2/repository/com/vaadin/external/google/android-json/0.0.20131108.vaadin1/android-json-0.0.20131108.vaadin1.jar!/org/json/JSONObject.class

You may wish to exclude one of them to ensure predictable runtime behavior

2024-10-19 11:07:04.427  INFO 552 --- [main] com.rahulshettyacademy.ConsumerTests     : Starting ConsumerTests using Java 11.0.14 on nba-027-d1-pl with PID 552 (started by Andrei.Rymskikh in C:\Users\andrei.rymskikh\Repos\ContractTestingWithJavaAndPact\SpringBootRestService)
2024-10-19 11:07:04.436  INFO 552 --- [main] com.rahulshettyacademy.ConsumerTests     : No active profile set, falling back to default profiles: default
2024-10-19 11:07:08.082  INFO 552 --- [main] .s.d.r.c.RepositoryConfigurationDelegate : Bootstrapping Spring Data JPA repositories in DEFAULT mode.
2024-10-19 11:07:08.417  INFO 552 --- [main] .s.d.r.c.RepositoryConfigurationDelegate : Finished Spring Data repository scanning in 283 ms. Found 1 JPA repository interfaces.
2024-10-19 11:07:10.986  INFO 552 --- [main] com.zaxxer.hikari.HikariDataSource       : HikariPool-1 - Starting...
2024-10-19 11:07:11.013  WARN 552 --- [main] com.zaxxer.hikari.util.DriverDataSource  : Registered driver with driverClassName=com.mysql.jdbc.Driver was not found, trying direct instantiation.
2024-10-19 11:07:14.122  INFO 552 --- [main] com.zaxxer.hikari.HikariDataSource       : HikariPool-1 - Start completed.
2024-10-19 11:07:14.947  INFO 552 --- [main] o.hibernate.jpa.internal.util.LogHelper  : HHH000204: Processing PersistenceUnitInfo [name: default]
2024-10-19 11:07:15.273  INFO 552 --- [main] org.hibernate.Version                    : HHH000412: Hibernate ORM core version 5.4.32.Final
2024-10-19 11:07:15.976  INFO 552 --- [main] o.hibernate.annotations.common.Version   : HCANN000001: Hibernate Commons Annotations {5.1.2.Final}
2024-10-19 11:07:16.442  INFO 552 --- [main] org.hibernate.dialect.Dialect            : HHH000400: Using dialect: org.hibernate.dialect.MySQL5InnoDBDialect
2024-10-19 11:07:18.847  INFO 552 --- [main] o.h.e.t.j.p.i.JtaPlatformInitiator       : HHH000490: Using JtaPlatform implementation: [org.hibernate.engine.transaction.jta.platform.internal.NoJtaPlatform]
2024-10-19 11:07:18.886  INFO 552 --- [main] j.LocalContainerEntityManagerFactoryBean : Initialized JPA EntityManagerFactory for persistence unit 'default'
2024-10-19 11:07:22.116  WARN 552 --- [main] JpaBaseConfiguration$JpaWebConfiguration : spring.jpa.open-in-view is enabled by default. Therefore, database queries may be performed during view rendering. Explicitly configure spring.jpa.open-in-view to disable this warning
2024-10-19 11:07:25.783  INFO 552 --- [main] com.rahulshettyacademy.ConsumerTests     : Started ConsumerTests in 22.599 seconds (JVM running for 27.247)
2024-10-19 11:07:29.336  INFO 552 --- [main] a.c.d.p.c.junit5.PactConsumerTestExt     : Writing pacts out to default directory
2024-10-19 11:07:29.398  INFO 552 --- [SpringApplicationShutdownHook] j.LocalContainerEntityManagerFactoryBean : Closing JPA EntityManagerFactory for persistence unit 'default'
2024-10-19 11:07:29.407  INFO 552 --- [SpringApplicationShutdownHook] com.zaxxer.hikari.HikariDataSource       : HikariPool-1 - Shutdown initiated...
2024-10-19 11:07:29.461  INFO 552 --- [SpringApplicationShutdownHook] com.zaxxer.hikari.HikariDataSource       : HikariPool-1 - Shutdown completed.
2024-10-19 11:36:05.188  WARN 24200 --- [main] ory$DuplicateJsonObjectContextCustomizer : 

Found multiple occurrences of org.json.JSONObject on the class path:

	jar:file:/C:/Users/andrei.rymskikh/.m2/repository/org/json/json/20160212/json-20160212.jar!/org/json/JSONObject.class
	jar:file:/C:/Users/andrei.rymskikh/.m2/repository/com/vaadin/external/google/android-json/0.0.20131108.vaadin1/android-json-0.0.20131108.vaadin1.jar!/org/json/JSONObject.class

You may wish to exclude one of them to ensure predictable runtime behavior

2024-10-19 11:36:05.421  INFO 24200 --- [main] com.rahulshettyacademy.ConsumerTests     : Starting ConsumerTests using Java 11.0.14 on nba-027-d1-pl with PID 24200 (started by Andrei.Rymskikh in C:\Users\andrei.rymskikh\Repos\ContractTestingWithJavaAndPact\SpringBootRestService)
2024-10-19 11:36:05.442  INFO 24200 --- [main] com.rahulshettyacademy.ConsumerTests     : No active profile set, falling back to default profiles: default
2024-10-19 11:36:17.972  INFO 24200 --- [main] .s.d.r.c.RepositoryConfigurationDelegate : Bootstrapping Spring Data JPA repositories in DEFAULT mode.
2024-10-19 11:36:18.990  INFO 24200 --- [main] .s.d.r.c.RepositoryConfigurationDelegate : Finished Spring Data repository scanning in 920 ms. Found 1 JPA repository interfaces.
2024-10-19 11:36:27.529  INFO 24200 --- [main] com.zaxxer.hikari.HikariDataSource       : HikariPool-1 - Starting...
2024-10-19 11:36:27.584  WARN 24200 --- [main] com.zaxxer.hikari.util.DriverDataSource  : Registered driver with driverClassName=com.mysql.jdbc.Driver was not found, trying direct instantiation.
2024-10-19 11:36:30.328  INFO 24200 --- [main] com.zaxxer.hikari.HikariDataSource       : HikariPool-1 - Start completed.
2024-10-19 11:36:33.279  INFO 24200 --- [main] o.hibernate.jpa.internal.util.LogHelper  : HHH000204: Processing PersistenceUnitInfo [name: default]
2024-10-19 11:36:34.286  INFO 24200 --- [main] org.hibernate.Version                    : HHH000412: Hibernate ORM core version 5.4.32.Final
2024-10-19 11:36:36.562  INFO 24200 --- [main] o.hibernate.annotations.common.Version   : HCANN000001: Hibernate Commons Annotations {5.1.2.Final}
2024-10-19 11:36:38.301  INFO 24200 --- [main] org.hibernate.dialect.Dialect            : HHH000400: Using dialect: org.hibernate.dialect.MySQL5InnoDBDialect
2024-10-19 11:36:46.107  INFO 24200 --- [main] o.h.e.t.j.p.i.JtaPlatformInitiator       : HHH000490: Using JtaPlatform implementation: [org.hibernate.engine.transaction.jta.platform.internal.NoJtaPlatform]
2024-10-19 11:36:46.218  INFO 24200 --- [main] j.LocalContainerEntityManagerFactoryBean : Initialized JPA EntityManagerFactory for persistence unit 'default'
2024-10-19 11:36:56.477  WARN 24200 --- [main] JpaBaseConfiguration$JpaWebConfiguration : spring.jpa.open-in-view is enabled by default. Therefore, database queries may be performed during view rendering. Explicitly configure spring.jpa.open-in-view to disable this warning
2024-10-19 11:37:12.667  INFO 24200 --- [main] com.rahulshettyacademy.ConsumerTests     : Started ConsumerTests in 70.945 seconds (JVM running for 82.572)
2024-10-19 11:46:12.270  WARN 8292 --- [main] ory$DuplicateJsonObjectContextCustomizer : 

Found multiple occurrences of org.json.JSONObject on the class path:

	jar:file:/C:/Users/andrei.rymskikh/.m2/repository/org/json/json/20160212/json-20160212.jar!/org/json/JSONObject.class
	jar:file:/C:/Users/andrei.rymskikh/.m2/repository/com/vaadin/external/google/android-json/0.0.20131108.vaadin1/android-json-0.0.20131108.vaadin1.jar!/org/json/JSONObject.class

You may wish to exclude one of them to ensure predictable runtime behavior

2024-10-19 11:46:12.302  INFO 8292 --- [main] com.rahulshettyacademy.ConsumerTests     : Starting ConsumerTests using Java 11.0.14 on nba-027-d1-pl with PID 8292 (started by Andrei.Rymskikh in C:\Users\andrei.rymskikh\Repos\ContractTestingWithJavaAndPact\SpringBootRestService)
2024-10-19 11:46:12.305  INFO 8292 --- [main] com.rahulshettyacademy.ConsumerTests     : No active profile set, falling back to default profiles: default
2024-10-19 11:46:13.096  INFO 8292 --- [main] .s.d.r.c.RepositoryConfigurationDelegate : Bootstrapping Spring Data JPA repositories in DEFAULT mode.
2024-10-19 11:46:13.161  INFO 8292 --- [main] .s.d.r.c.RepositoryConfigurationDelegate : Finished Spring Data repository scanning in 57 ms. Found 1 JPA repository interfaces.
2024-10-19 11:46:13.668  INFO 8292 --- [main] com.zaxxer.hikari.HikariDataSource       : HikariPool-1 - Starting...
2024-10-19 11:46:13.676  WARN 8292 --- [main] com.zaxxer.hikari.util.DriverDataSource  : Registered driver with driverClassName=com.mysql.jdbc.Driver was not found, trying direct instantiation.
2024-10-19 11:46:14.446  INFO 8292 --- [main] com.zaxxer.hikari.HikariDataSource       : HikariPool-1 - Start completed.
2024-10-19 11:46:14.652  INFO 8292 --- [main] o.hibernate.jpa.internal.util.LogHelper  : HHH000204: Processing PersistenceUnitInfo [name: default]
2024-10-19 11:46:14.742  INFO 8292 --- [main] org.hibernate.Version                    : HHH000412: Hibernate ORM core version 5.4.32.Final
2024-10-19 11:46:14.918  INFO 8292 --- [main] o.hibernate.annotations.common.Version   : HCANN000001: Hibernate Commons Annotations {5.1.2.Final}
2024-10-19 11:46:15.041  INFO 8292 --- [main] org.hibernate.dialect.Dialect            : HHH000400: Using dialect: org.hibernate.dialect.MySQL5InnoDBDialect
2024-10-19 11:46:15.734  INFO 8292 --- [main] o.h.e.t.j.p.i.JtaPlatformInitiator       : HHH000490: Using JtaPlatform implementation: [org.hibernate.engine.transaction.jta.platform.internal.NoJtaPlatform]
2024-10-19 11:46:15.752  INFO 8292 --- [main] j.LocalContainerEntityManagerFactoryBean : Initialized JPA EntityManagerFactory for persistence unit 'default'
2024-10-19 11:46:16.834  WARN 8292 --- [main] JpaBaseConfiguration$JpaWebConfiguration : spring.jpa.open-in-view is enabled by default. Therefore, database queries may be performed during view rendering. Explicitly configure spring.jpa.open-in-view to disable this warning
2024-10-19 11:46:17.587  INFO 8292 --- [main] com.rahulshettyacademy.ConsumerTests     : Started ConsumerTests in 5.575 seconds (JVM running for 6.809)
2024-10-19 11:46:18.435  INFO 8292 --- [main] a.c.d.p.c.junit5.PactConsumerTestExt     : Writing pacts out to default directory
2024-10-19 11:46:18.450  INFO 8292 --- [SpringApplicationShutdownHook] j.LocalContainerEntityManagerFactoryBean : Closing JPA EntityManagerFactory for persistence unit 'default'
2024-10-19 11:46:18.454  INFO 8292 --- [SpringApplicationShutdownHook] com.zaxxer.hikari.HikariDataSource       : HikariPool-1 - Shutdown initiated...
2024-10-19 11:46:18.463  INFO 8292 --- [SpringApplicationShutdownHook] com.zaxxer.hikari.HikariDataSource       : HikariPool-1 - Shutdown completed.
2024-10-19 11:47:00.114  WARN 23740 --- [main] ory$DuplicateJsonObjectContextCustomizer : 

Found multiple occurrences of org.json.JSONObject on the class path:

	jar:file:/C:/Users/andrei.rymskikh/.m2/repository/org/json/json/20160212/json-20160212.jar!/org/json/JSONObject.class
	jar:file:/C:/Users/andrei.rymskikh/.m2/repository/com/vaadin/external/google/android-json/0.0.20131108.vaadin1/android-json-0.0.20131108.vaadin1.jar!/org/json/JSONObject.class

You may wish to exclude one of them to ensure predictable runtime behavior

2024-10-19 11:47:00.144  INFO 23740 --- [main] com.rahulshettyacademy.ConsumerTests     : Starting ConsumerTests using Java 11.0.14 on nba-027-d1-pl with PID 23740 (started by Andrei.Rymskikh in C:\Users\andrei.rymskikh\Repos\ContractTestingWithJavaAndPact\SpringBootRestService)
2024-10-19 11:47:00.149  INFO 23740 --- [main] com.rahulshettyacademy.ConsumerTests     : No active profile set, falling back to default profiles: default
2024-10-19 11:47:00.909  INFO 23740 --- [main] .s.d.r.c.RepositoryConfigurationDelegate : Bootstrapping Spring Data JPA repositories in DEFAULT mode.
2024-10-19 11:47:00.983  INFO 23740 --- [main] .s.d.r.c.RepositoryConfigurationDelegate : Finished Spring Data repository scanning in 65 ms. Found 1 JPA repository interfaces.
2024-10-19 11:47:01.480  INFO 23740 --- [main] com.zaxxer.hikari.HikariDataSource       : HikariPool-1 - Starting...
2024-10-19 11:47:01.487  WARN 23740 --- [main] com.zaxxer.hikari.util.DriverDataSource  : Registered driver with driverClassName=com.mysql.jdbc.Driver was not found, trying direct instantiation.
2024-10-19 11:47:02.225  INFO 23740 --- [main] com.zaxxer.hikari.HikariDataSource       : HikariPool-1 - Start completed.
2024-10-19 11:47:02.422  INFO 23740 --- [main] o.hibernate.jpa.internal.util.LogHelper  : HHH000204: Processing PersistenceUnitInfo [name: default]
2024-10-19 11:47:02.495  INFO 23740 --- [main] org.hibernate.Version                    : HHH000412: Hibernate ORM core version 5.4.32.Final
2024-10-19 11:47:02.642  INFO 23740 --- [main] o.hibernate.annotations.common.Version   : HCANN000001: Hibernate Commons Annotations {5.1.2.Final}
2024-10-19 11:47:02.799  INFO 23740 --- [main] org.hibernate.dialect.Dialect            : HHH000400: Using dialect: org.hibernate.dialect.MySQL5InnoDBDialect
2024-10-19 11:47:03.451  INFO 23740 --- [main] o.h.e.t.j.p.i.JtaPlatformInitiator       : HHH000490: Using JtaPlatform implementation: [org.hibernate.engine.transaction.jta.platform.internal.NoJtaPlatform]
2024-10-19 11:47:03.463  INFO 23740 --- [main] j.LocalContainerEntityManagerFactoryBean : Initialized JPA EntityManagerFactory for persistence unit 'default'
2024-10-19 11:47:04.101  WARN 23740 --- [main] JpaBaseConfiguration$JpaWebConfiguration : spring.jpa.open-in-view is enabled by default. Therefore, database queries may be performed during view rendering. Explicitly configure spring.jpa.open-in-view to disable this warning
2024-10-19 11:47:04.825  INFO 23740 --- [main] com.rahulshettyacademy.ConsumerTests     : Started ConsumerTests in 4.999 seconds (JVM running for 6.434)
2024-10-19 11:47:05.844  INFO 23740 --- [main] a.c.d.p.c.junit5.PactConsumerTestExt     : Writing pacts out to default directory
2024-10-19 11:47:05.860  INFO 23740 --- [SpringApplicationShutdownHook] j.LocalContainerEntityManagerFactoryBean : Closing JPA EntityManagerFactory for persistence unit 'default'
2024-10-19 11:47:05.863  INFO 23740 --- [SpringApplicationShutdownHook] com.zaxxer.hikari.HikariDataSource       : HikariPool-1 - Shutdown initiated...
2024-10-19 11:47:05.870  INFO 23740 --- [SpringApplicationShutdownHook] com.zaxxer.hikari.HikariDataSource       : HikariPool-1 - Shutdown completed.
2024-10-19 11:50:50.520  WARN 28948 --- [main] ory$DuplicateJsonObjectContextCustomizer : 

Found multiple occurrences of org.json.JSONObject on the class path:

	jar:file:/C:/Users/andrei.rymskikh/.m2/repository/org/json/json/20160212/json-20160212.jar!/org/json/JSONObject.class
	jar:file:/C:/Users/andrei.rymskikh/.m2/repository/com/vaadin/external/google/android-json/0.0.20131108.vaadin1/android-json-0.0.20131108.vaadin1.jar!/org/json/JSONObject.class

You may wish to exclude one of them to ensure predictable runtime behavior

2024-10-19 11:50:50.555  INFO 28948 --- [main] com.rahulshettyacademy.ConsumerTests     : Starting ConsumerTests using Java 11.0.14 on nba-027-d1-pl with PID 28948 (started by Andrei.Rymskikh in C:\Users\andrei.rymskikh\Repos\ContractTestingWithJavaAndPact\SpringBootRestService)
2024-10-19 11:50:50.558  INFO 28948 --- [main] com.rahulshettyacademy.ConsumerTests     : No active profile set, falling back to default profiles: default
2024-10-19 11:50:51.322  INFO 28948 --- [main] .s.d.r.c.RepositoryConfigurationDelegate : Bootstrapping Spring Data JPA repositories in DEFAULT mode.
2024-10-19 11:50:51.406  INFO 28948 --- [main] .s.d.r.c.RepositoryConfigurationDelegate : Finished Spring Data repository scanning in 73 ms. Found 1 JPA repository interfaces.
2024-10-19 11:50:52.011  INFO 28948 --- [main] com.zaxxer.hikari.HikariDataSource       : HikariPool-1 - Starting...
2024-10-19 11:50:52.016  WARN 28948 --- [main] com.zaxxer.hikari.util.DriverDataSource  : Registered driver with driverClassName=com.mysql.jdbc.Driver was not found, trying direct instantiation.
2024-10-19 11:50:52.674  INFO 28948 --- [main] com.zaxxer.hikari.HikariDataSource       : HikariPool-1 - Start completed.
2024-10-19 11:50:52.855  INFO 28948 --- [main] o.hibernate.jpa.internal.util.LogHelper  : HHH000204: Processing PersistenceUnitInfo [name: default]
2024-10-19 11:50:52.932  INFO 28948 --- [main] org.hibernate.Version                    : HHH000412: Hibernate ORM core version 5.4.32.Final
2024-10-19 11:50:53.076  INFO 28948 --- [main] o.hibernate.annotations.common.Version   : HCANN000001: Hibernate Commons Annotations {5.1.2.Final}
2024-10-19 11:50:53.224  INFO 28948 --- [main] org.hibernate.dialect.Dialect            : HHH000400: Using dialect: org.hibernate.dialect.MySQL5InnoDBDialect
2024-10-19 11:50:53.913  INFO 28948 --- [main] o.h.e.t.j.p.i.JtaPlatformInitiator       : HHH000490: Using JtaPlatform implementation: [org.hibernate.engine.transaction.jta.platform.internal.NoJtaPlatform]
2024-10-19 11:50:53.924  INFO 28948 --- [main] j.LocalContainerEntityManagerFactoryBean : Initialized JPA EntityManagerFactory for persistence unit 'default'
2024-10-19 11:50:54.514  WARN 28948 --- [main] JpaBaseConfiguration$JpaWebConfiguration : spring.jpa.open-in-view is enabled by default. Therefore, database queries may be performed during view rendering. Explicitly configure spring.jpa.open-in-view to disable this warning
2024-10-19 11:50:55.285  INFO 28948 --- [main] com.rahulshettyacademy.ConsumerTests     : Started ConsumerTests in 5.035 seconds (JVM running for 6.369)
2024-10-19 11:50:56.333  INFO 28948 --- [main] a.c.d.p.c.junit5.PactConsumerTestExt     : Writing pacts out to default directory
2024-10-19 11:50:56.795  INFO 28948 --- [SpringApplicationShutdownHook] j.LocalContainerEntityManagerFactoryBean : Closing JPA EntityManagerFactory for persistence unit 'default'
2024-10-19 11:50:56.797  INFO 28948 --- [SpringApplicationShutdownHook] com.zaxxer.hikari.HikariDataSource       : HikariPool-1 - Shutdown initiated...
2024-10-19 11:50:56.803  INFO 28948 --- [SpringApplicationShutdownHook] com.zaxxer.hikari.HikariDataSource       : HikariPool-1 - Shutdown completed.
