2024-10-19 10:26:35.063  INFO 25032 --- [main] c.rahulshettyacademy.CoursesApplication  : Starting CoursesApplication using Java 11.0.14 on nba-027-d1-pl with PID 25032 (C:\Users\andrei.rymskikh\Repos\ContractTestingWithJavaAndPact\Courses\target\classes started by Andrei.Rymskikh in C:\Users\andrei.rymskikh\Repos\ContractTestingWithJavaAndPact\Courses)
2024-10-19 10:26:35.201  INFO 25032 --- [main] c.rahulshettyacademy.CoursesApplication  : No active profile set, falling back to default profiles: default
2024-10-19 10:26:39.103  INFO 25032 --- [main] .s.d.r.c.RepositoryConfigurationDelegate : Bootstrapping Spring Data JPA repositories in DEFAULT mode.
2024-10-19 10:26:39.419  INFO 25032 --- [main] .s.d.r.c.RepositoryConfigurationDelegate : Finished Spring Data repository scanning in 238 ms. Found 1 JPA repository interfaces.
2024-10-19 10:26:42.569  INFO 25032 --- [main] o.s.b.w.embedded.tomcat.TomcatWebServer  : Tomcat initialized with port(s): 8181 (http)
2024-10-19 10:26:42.646  INFO 25032 --- [main] o.apache.catalina.core.StandardService   : Starting service [Tomcat]
2024-10-19 10:26:42.649  INFO 25032 --- [main] org.apache.catalina.core.StandardEngine  : Starting Servlet engine: [Apache Tomcat/9.0.55]
2024-10-19 10:26:43.381  INFO 25032 --- [main] o.a.c.c.C.[Tomcat].[localhost].[/]       : Initializing Spring embedded WebApplicationContext
2024-10-19 10:26:43.409  INFO 25032 --- [main] w.s.c.ServletWebServerApplicationContext : Root WebApplicationContext: initialization completed in 6584 ms
2024-10-19 10:26:44.203  INFO 25032 --- [main] o.hibernate.jpa.internal.util.LogHelper  : HHH000204: Processing PersistenceUnitInfo [name: default]
2024-10-19 10:26:44.406  INFO 25032 --- [main] org.hibernate.Version                    : HHH000412: Hibernate ORM core version 5.6.1.Final
2024-10-19 10:26:44.894  INFO 25032 --- [main] o.hibernate.annotations.common.Version   : HCANN000001: Hibernate Commons Annotations {5.1.2.Final}
2024-10-19 10:26:45.233  INFO 25032 --- [main] com.zaxxer.hikari.HikariDataSource       : HikariPool-1 - Starting...
2024-10-19 10:26:45.246  WARN 25032 --- [main] com.zaxxer.hikari.util.DriverDataSource  : Registered driver with driverClassName=com.mysql.jdbc.Driver was not found, trying direct instantiation.
2024-10-19 10:26:46.366  INFO 25032 --- [main] com.zaxxer.hikari.HikariDataSource       : HikariPool-1 - Start completed.
2024-10-19 10:26:46.457  INFO 25032 --- [main] org.hibernate.dialect.Dialect            : HHH000400: Using dialect: org.hibernate.dialect.MySQL5InnoDBDialect
2024-10-19 10:26:49.026  INFO 25032 --- [main] o.h.e.t.j.p.i.JtaPlatformInitiator       : HHH000490: Using JtaPlatform implementation: [org.hibernate.engine.transaction.jta.platform.internal.NoJtaPlatform]
2024-10-19 10:26:49.066  INFO 25032 --- [main] j.LocalContainerEntityManagerFactoryBean : Initialized JPA EntityManagerFactory for persistence unit 'default'
2024-10-19 10:26:50.219  WARN 25032 --- [main] JpaBaseConfiguration$JpaWebConfiguration : spring.jpa.open-in-view is enabled by default. Therefore, database queries may be performed during view rendering. Explicitly configure spring.jpa.open-in-view to disable this warning
2024-10-19 10:26:51.616  INFO 25032 --- [main] o.s.b.w.embedded.tomcat.TomcatWebServer  : Tomcat started on port(s): 8181 (http) with context path ''
2024-10-19 10:26:51.650  INFO 25032 --- [main] c.rahulshettyacademy.CoursesApplication  : Started CoursesApplication in 19.046 seconds (JVM running for 21.502)
2024-10-19 11:00:44.028  INFO 25032 --- [http-nio-8181-exec-1] o.a.c.c.C.[Tomcat].[localhost].[/]       : Initializing Spring DispatcherServlet 'dispatcherServlet'
2024-10-19 11:00:44.039  INFO 25032 --- [http-nio-8181-exec-1] o.s.web.servlet.DispatcherServlet        : Initializing Servlet 'dispatcherServlet'
2024-10-19 11:00:44.045  INFO 25032 --- [http-nio-8181-exec-1] o.s.web.servlet.DispatcherServlet        : Completed initialization in 4 ms
